<?xml version="1.0" encoding="UTF-8"?>
<!-- Generated by org.testng.reporters.JUnitReportReporter -->
<testsuite skipped="0" hostname="DESKTOP-3HB8IKU" name="DataDriven_Framework.DataDriven1" tests="3" failures="0" timestamp="24 Aug 2019 11:12:57 GMT" time="89.297" errors="0">
  <testcase name="LoginToNaukri" time="39.891" classname="DataDriven_Framework.DataDriven1"/>
  <testcase name="LoginToNaukri" time="25.700" classname="DataDriven_Framework.DataDriven1"/>
  <testcase name="LoginToNaukri" time="23.706" classname="DataDriven_Framework.DataDriven1"/>
</testsuite> <!-- DataDriven_Framework.DataDriven1 -->
